<?xml version="1.0" encoding="UTF-8"?>
<testng-results ignored="0" total="9" passed="8" failed="1" skipped="0">
  <reporter-output>
  </reporter-output>
  <suite started-at="2022-12-12T18:01:37 IST" name="Suite" finished-at="2022-12-12T18:05:14 IST" duration-ms="216519">
    <groups>
    </groups>
    <test started-at="2022-12-12T18:01:37 IST" name="Test" finished-at="2022-12-12T18:05:14 IST" duration-ms="216519">
      <class name="com.pathnxt.hyrtutorials.MultipleWindowsTest">
        <test-method is-config="true" signature="openthebrowser()[pri:0, instance:com.pathnxt.hyrtutorials.MultipleWindowsTest@4c1909a3]" started-at="2022-12-12T18:04:20 IST" name="openthebrowser" finished-at="2022-12-12T18:04:21 IST" duration-ms="1199" status="PASS">
          <reporter-output>
          </reporter-output>
        </test-method> <!-- openthebrowser -->
        <test-method signature="multiplewindowhandle()[pri:0, instance:com.pathnxt.hyrtutorials.MultipleWindowsTest@4c1909a3]" started-at="2022-12-12T18:04:21 IST" name="multiplewindowhandle" finished-at="2022-12-12T18:04:59 IST" duration-ms="37714" status="PASS">
          <reporter-output>
          </reporter-output>
        </test-method> <!-- multiplewindowhandle -->
        <test-method is-config="true" signature="Quitbrowser()[pri:0, instance:com.pathnxt.hyrtutorials.MultipleWindowsTest@4c1909a3]" started-at="2022-12-12T18:04:59 IST" name="Quitbrowser" finished-at="2022-12-12T18:04:59 IST" duration-ms="569" status="PASS">
          <reporter-output>
          </reporter-output>
        </test-method> <!-- Quitbrowser -->
      </class> <!-- com.pathnxt.hyrtutorials.MultipleWindowsTest -->
      <class name="com.pathnxt.redbusTest.calculateTotaBusesTest">
        <test-method is-config="true" signature="openthebrowser()[pri:0, instance:com.pathnxt.redbusTest.calculateTotaBusesTest@2dc54ad4]" started-at="2022-12-12T18:02:35 IST" name="openthebrowser" finished-at="2022-12-12T18:02:36 IST" duration-ms="1150" status="PASS">
          <reporter-output>
          </reporter-output>
        </test-method> <!-- openthebrowser -->
        <test-method signature="calculatebuses()[pri:0, instance:com.pathnxt.redbusTest.calculateTotaBusesTest@2dc54ad4]" started-at="2022-12-12T18:02:36 IST" name="calculatebuses" finished-at="2022-12-12T18:03:02 IST" duration-ms="26116" status="FAIL">
          <exception class="org.openqa.selenium.TimeoutException">
            <message>
              <![CDATA[Expected condition failed: waiting for element to be clickable: Proxy element for: DefaultElementLocator 'By.xpath: //div[@class="close-primo"]' (tried for 10 second(s) with 500 milliseconds interval)]]>
            </message>
            <full-stacktrace>
              <![CDATA[org.openqa.selenium.TimeoutException: Expected condition failed: waiting for element to be clickable: Proxy element for: DefaultElementLocator 'By.xpath: //div[@class="close-primo"]' (tried for 10 second(s) with 500 milliseconds interval)
at org.openqa.selenium.support.ui.WebDriverWait.timeoutException(WebDriverWait.java:87)
at org.openqa.selenium.support.ui.FluentWait.until(FluentWait.java:231)
at com.pathnxt.commonUtilities.WebDriverUtilitiy.waitForElemenetToBeClickable(WebDriverUtilitiy.java:91)
at com.pathnxt.redbusTest.calculateTotaBusesTest.calculatebuses(calculateTotaBusesTest.java:107)
at java.base/jdk.internal.reflect.DirectMethodHandleAccessor.invoke(DirectMethodHandleAccessor.java:104)
at java.base/java.lang.reflect.Method.invoke(Method.java:577)
at org.testng.internal.MethodInvocationHelper.invokeMethod(MethodInvocationHelper.java:133)
at org.testng.internal.TestInvoker.invokeMethod(TestInvoker.java:598)
at org.testng.internal.TestInvoker.invokeTestMethod(TestInvoker.java:173)
at org.testng.internal.MethodRunner.runInSequence(MethodRunner.java:46)
at org.testng.internal.TestInvoker$MethodInvocationAgent.invoke(TestInvoker.java:824)
at org.testng.internal.TestInvoker.invokeTestMethods(TestInvoker.java:146)
at org.testng.internal.TestMethodWorker.invokeTestMethods(TestMethodWorker.java:146)
at org.testng.internal.TestMethodWorker.run(TestMethodWorker.java:128)
at java.base/java.util.ArrayList.forEach(ArrayList.java:1511)
at org.testng.TestRunner.privateRun(TestRunner.java:794)
at org.testng.TestRunner.run(TestRunner.java:596)
at org.testng.SuiteRunner.runTest(SuiteRunner.java:377)
at org.testng.SuiteRunner.runSequentially(SuiteRunner.java:371)
at org.testng.SuiteRunner.privateRun(SuiteRunner.java:332)
at org.testng.SuiteRunner.run(SuiteRunner.java:276)
at org.testng.SuiteRunnerWorker.runSuite(SuiteRunnerWorker.java:53)
at org.testng.SuiteRunnerWorker.run(SuiteRunnerWorker.java:96)
at org.testng.TestNG.runSuitesSequentially(TestNG.java:1212)
at org.testng.TestNG.runSuitesLocally(TestNG.java:1134)
at org.testng.TestNG.runSuites(TestNG.java:1063)
at org.testng.TestNG.run(TestNG.java:1031)
at org.testng.remote.AbstractRemoteTestNG.run(AbstractRemoteTestNG.java:115)
at org.testng.remote.RemoteTestNG.initAndRun(RemoteTestNG.java:251)
at org.testng.remote.RemoteTestNG.main(RemoteTestNG.java:77)
Caused by: org.openqa.selenium.NoSuchElementException: no such element: Unable to locate element: {"method":"xpath","selector":"//div[@class="close-primo"]"}
  (Session info: chrome=108.0.5359.99)
For documentation on this error, please visit: https://selenium.dev/exceptions/#no_such_element
Build info: version: '4.4.0', revision: 'e5c75ed026a'
System info: host: 'PRIYARANJAN', ip: '192.168.47.1', os.name: 'Windows 10', os.arch: 'amd64', os.version: '10.0', java.version: '18.0.1'
Driver info: org.openqa.selenium.chrome.ChromeDriver
Command: [1fa35fc75d9105b2871b9794ee409ca0, findElement {using=xpath, value=//div[@class="close-primo"]}]
Capabilities {acceptInsecureCerts: false, browserName: chrome, browserVersion: 108.0.5359.99, chrome: {chromedriverVersion: 108.0.5359.71 (1e0e3868ee06..., userDataDir: C:\Users\-hp-\AppData\Local...}, goog:chromeOptions: {debuggerAddress: localhost:64923}, networkConnectionEnabled: false, pageLoadStrategy: normal, platformName: WINDOWS, proxy: Proxy(), se:cdp: ws://localhost:64923/devtoo..., se:cdpVersion: 108.0.5359.99, setWindowRect: true, strictFileInteractability: false, timeouts: {implicit: 0, pageLoad: 300000, script: 30000}, unhandledPromptBehavior: dismiss and notify, webauthn:extension:credBlob: true, webauthn:extension:largeBlob: true, webauthn:virtualAuthenticators: true}
Session ID: 1fa35fc75d9105b2871b9794ee409ca0
at java.base/jdk.internal.reflect.DirectConstructorHandleAccessor.newInstance(DirectConstructorHandleAccessor.java:67)
at java.base/java.lang.reflect.Constructor.newInstanceWithCaller(Constructor.java:499)
at java.base/java.lang.reflect.Constructor.newInstance(Constructor.java:483)
at org.openqa.selenium.remote.codec.w3c.W3CHttpResponseCodec.createException(W3CHttpResponseCodec.java:200)
at org.openqa.selenium.remote.codec.w3c.W3CHttpResponseCodec.decode(W3CHttpResponseCodec.java:133)
at org.openqa.selenium.remote.codec.w3c.W3CHttpResponseCodec.decode(W3CHttpResponseCodec.java:53)
at org.openqa.selenium.remote.HttpCommandExecutor.execute(HttpCommandExecutor.java:184)
at org.openqa.selenium.remote.service.DriverCommandExecutor.invokeExecute(DriverCommandExecutor.java:167)
at org.openqa.selenium.remote.service.DriverCommandExecutor.execute(DriverCommandExecutor.java:142)
at org.openqa.selenium.remote.RemoteWebDriver.execute(RemoteWebDriver.java:547)
at org.openqa.selenium.remote.ElementLocation$ElementFinder$2.findElement(ElementLocation.java:162)
at org.openqa.selenium.remote.ElementLocation.findElement(ElementLocation.java:60)
at org.openqa.selenium.remote.RemoteWebDriver.findElement(RemoteWebDriver.java:365)
at org.openqa.selenium.remote.RemoteWebDriver.findElement(RemoteWebDriver.java:357)
at org.openqa.selenium.support.pagefactory.DefaultElementLocator.findElement(DefaultElementLocator.java:70)
at org.openqa.selenium.support.pagefactory.internal.LocatingElementHandler.invoke(LocatingElementHandler.java:39)
at jdk.proxy2/jdk.proxy2.$Proxy18.isDisplayed(Unknown Source)
at org.openqa.selenium.support.ui.ExpectedConditions.elementIfVisible(ExpectedConditions.java:307)
at org.openqa.selenium.support.ui.ExpectedConditions.access$000(ExpectedConditions.java:40)
at org.openqa.selenium.support.ui.ExpectedConditions$10.apply(ExpectedConditions.java:293)
at org.openqa.selenium.support.ui.ExpectedConditions$10.apply(ExpectedConditions.java:290)
at org.openqa.selenium.support.ui.ExpectedConditions$23.apply(ExpectedConditions.java:660)
at org.openqa.selenium.support.ui.ExpectedConditions$23.apply(ExpectedConditions.java:656)
at org.openqa.selenium.support.ui.FluentWait.until(FluentWait.java:208)
... 28 more
]]>
            </full-stacktrace>
          </exception> <!-- org.openqa.selenium.TimeoutException -->
          <reporter-output>
          </reporter-output>
        </test-method> <!-- calculatebuses -->
        <test-method is-config="true" signature="Quitbrowser()[pri:0, instance:com.pathnxt.redbusTest.calculateTotaBusesTest@2dc54ad4]" started-at="2022-12-12T18:03:02 IST" name="Quitbrowser" finished-at="2022-12-12T18:03:02 IST" duration-ms="247" status="PASS">
          <reporter-output>
          </reporter-output>
        </test-method> <!-- Quitbrowser -->
      </class> <!-- com.pathnxt.redbusTest.calculateTotaBusesTest -->
      <class name="com.pathnxt.hyrtutorials.MulitpleTabsTest">
        <test-method is-config="true" signature="openthebrowser()[pri:0, instance:com.pathnxt.hyrtutorials.MulitpleTabsTest@4b0d79fc]" started-at="2022-12-12T18:03:42 IST" name="openthebrowser" finished-at="2022-12-12T18:03:43 IST" duration-ms="1145" status="PASS">
          <reporter-output>
          </reporter-output>
        </test-method> <!-- openthebrowser -->
        <test-method signature="multipletabs()[pri:0, instance:com.pathnxt.hyrtutorials.MulitpleTabsTest@4b0d79fc]" started-at="2022-12-12T18:03:43 IST" name="multipletabs" finished-at="2022-12-12T18:04:19 IST" duration-ms="36143" status="PASS">
          <reporter-output>
          </reporter-output>
        </test-method> <!-- multipletabs -->
        <test-method is-config="true" signature="Quitbrowser()[pri:0, instance:com.pathnxt.hyrtutorials.MulitpleTabsTest@4b0d79fc]" started-at="2022-12-12T18:04:19 IST" name="Quitbrowser" finished-at="2022-12-12T18:04:20 IST" duration-ms="441" status="PASS">
          <reporter-output>
          </reporter-output>
        </test-method> <!-- Quitbrowser -->
      </class> <!-- com.pathnxt.hyrtutorials.MulitpleTabsTest -->
      <class name="com.pathnxt.jquery.DragAndDropTest">
        <test-method is-config="true" signature="openthebrowser()[pri:0, instance:com.pathnxt.jquery.DragAndDropTest@4659191b]" started-at="2022-12-12T18:03:02 IST" name="openthebrowser" finished-at="2022-12-12T18:03:03 IST" duration-ms="1275" status="PASS">
          <reporter-output>
          </reporter-output>
        </test-method> <!-- openthebrowser -->
        <test-method signature="draganddrop()[pri:0, instance:com.pathnxt.jquery.DragAndDropTest@4659191b]" started-at="2022-12-12T18:03:03 IST" name="draganddrop" finished-at="2022-12-12T18:03:07 IST" duration-ms="3706" status="PASS">
          <reporter-output>
          </reporter-output>
        </test-method> <!-- draganddrop -->
        <test-method is-config="true" signature="Quitbrowser()[pri:0, instance:com.pathnxt.jquery.DragAndDropTest@4659191b]" started-at="2022-12-12T18:03:07 IST" name="Quitbrowser" finished-at="2022-12-12T18:03:07 IST" duration-ms="259" status="PASS">
          <reporter-output>
          </reporter-output>
        </test-method> <!-- Quitbrowser -->
      </class> <!-- com.pathnxt.jquery.DragAndDropTest -->
      <class name="com.pathnxt.hyrtutorials.HandleNewTabTest">
        <test-method is-config="true" signature="openthebrowser()[pri:0, instance:com.pathnxt.hyrtutorials.HandleNewTabTest@55634720]" started-at="2022-12-12T18:03:07 IST" name="openthebrowser" finished-at="2022-12-12T18:03:09 IST" duration-ms="1165" status="PASS">
          <reporter-output>
          </reporter-output>
        </test-method> <!-- openthebrowser -->
        <test-method signature="handletab()[pri:0, instance:com.pathnxt.hyrtutorials.HandleNewTabTest@55634720]" started-at="2022-12-12T18:03:09 IST" name="handletab" finished-at="2022-12-12T18:03:42 IST" duration-ms="33127" status="PASS">
          <reporter-output>
          </reporter-output>
        </test-method> <!-- handletab -->
        <test-method is-config="true" signature="Quitbrowser()[pri:0, instance:com.pathnxt.hyrtutorials.HandleNewTabTest@55634720]" started-at="2022-12-12T18:03:42 IST" name="Quitbrowser" finished-at="2022-12-12T18:03:42 IST" duration-ms="450" status="PASS">
          <reporter-output>
          </reporter-output>
        </test-method> <!-- Quitbrowser -->
      </class> <!-- com.pathnxt.hyrtutorials.HandleNewTabTest -->
      <class name="com.pathnxt.irctcTest.verifyNumberOfTrainsTest">
        <test-method is-config="true" signature="openthebrowser()[pri:0, instance:com.pathnxt.irctcTest.verifyNumberOfTrainsTest@2ed2d9cb]" started-at="2022-12-12T18:01:38 IST" name="openthebrowser" finished-at="2022-12-12T18:01:41 IST" duration-ms="3357" status="PASS">
          <reporter-output>
          </reporter-output>
        </test-method> <!-- openthebrowser -->
        <test-method signature="verifynumberoftrains()[pri:0, instance:com.pathnxt.irctcTest.verifyNumberOfTrainsTest@2ed2d9cb]" started-at="2022-12-12T18:01:41 IST" name="verifynumberoftrains" finished-at="2022-12-12T18:01:59 IST" duration-ms="18027" status="PASS">
          <reporter-output>
          </reporter-output>
        </test-method> <!-- verifynumberoftrains -->
        <test-method is-config="true" signature="Quitbrowser()[pri:0, instance:com.pathnxt.irctcTest.verifyNumberOfTrainsTest@2ed2d9cb]" started-at="2022-12-12T18:01:59 IST" name="Quitbrowser" finished-at="2022-12-12T18:01:59 IST" duration-ms="446" status="PASS">
          <reporter-output>
          </reporter-output>
        </test-method> <!-- Quitbrowser -->
      </class> <!-- com.pathnxt.irctcTest.verifyNumberOfTrainsTest -->
      <class name="com.pathnxt.hyrtutorials.WindowHandleTest">
        <test-method is-config="true" signature="openthebrowser()[pri:0, instance:com.pathnxt.hyrtutorials.WindowHandleTest@1151e434]" started-at="2022-12-12T18:01:59 IST" name="openthebrowser" finished-at="2022-12-12T18:02:01 IST" duration-ms="1248" status="PASS">
          <reporter-output>
          </reporter-output>
        </test-method> <!-- openthebrowser -->
        <test-method signature="windowhandle()[pri:0, instance:com.pathnxt.hyrtutorials.WindowHandleTest@1151e434]" started-at="2022-12-12T18:02:01 IST" name="windowhandle" finished-at="2022-12-12T18:02:34 IST" duration-ms="33563" status="PASS">
          <reporter-output>
          </reporter-output>
        </test-method> <!-- windowhandle -->
        <test-method is-config="true" signature="Quitbrowser()[pri:0, instance:com.pathnxt.hyrtutorials.WindowHandleTest@1151e434]" started-at="2022-12-12T18:02:34 IST" name="Quitbrowser" finished-at="2022-12-12T18:02:35 IST" duration-ms="436" status="PASS">
          <reporter-output>
          </reporter-output>
        </test-method> <!-- Quitbrowser -->
      </class> <!-- com.pathnxt.hyrtutorials.WindowHandleTest -->
      <class name="com.pathnxt.redbusTest.verifySucessfulLaunchingTest">
        <test-method is-config="true" signature="openthebrowser()[pri:0, instance:com.pathnxt.redbusTest.verifySucessfulLaunchingTest@d9345cd]" started-at="2022-12-12T18:05:10 IST" name="openthebrowser" finished-at="2022-12-12T18:05:11 IST" duration-ms="1137" status="PASS">
          <reporter-output>
          </reporter-output>
        </test-method> <!-- openthebrowser -->
        <test-method signature="verifyredbuslaunch()[pri:0, instance:com.pathnxt.redbusTest.verifySucessfulLaunchingTest@d9345cd]" started-at="2022-12-12T18:05:11 IST" name="verifyredbuslaunch" finished-at="2022-12-12T18:05:13 IST" duration-ms="2368" status="PASS">
          <reporter-output>
          </reporter-output>
        </test-method> <!-- verifyredbuslaunch -->
        <test-method is-config="true" signature="Quitbrowser()[pri:0, instance:com.pathnxt.redbusTest.verifySucessfulLaunchingTest@d9345cd]" started-at="2022-12-12T18:05:13 IST" name="Quitbrowser" finished-at="2022-12-12T18:05:14 IST" duration-ms="248" status="PASS">
          <reporter-output>
          </reporter-output>
        </test-method> <!-- Quitbrowser -->
      </class> <!-- com.pathnxt.redbusTest.verifySucessfulLaunchingTest -->
      <class name="com.pathnxt.irctcTest.verifySuccessfulLaunchTest">
        <test-method is-config="true" signature="openthebrowser()[pri:0, instance:com.pathnxt.irctcTest.verifySuccessfulLaunchTest@428640fa]" started-at="2022-12-12T18:04:59 IST" name="openthebrowser" finished-at="2022-12-12T18:05:01 IST" duration-ms="1218" status="PASS">
          <reporter-output>
          </reporter-output>
        </test-method> <!-- openthebrowser -->
        <test-method signature="verifyirctclaunch()[pri:0, instance:com.pathnxt.irctcTest.verifySuccessfulLaunchTest@428640fa]" started-at="2022-12-12T18:05:01 IST" name="verifyirctclaunch" finished-at="2022-12-12T18:05:09 IST" duration-ms="8842" status="PASS">
          <reporter-output>
          </reporter-output>
        </test-method> <!-- verifyirctclaunch -->
        <test-method is-config="true" signature="Quitbrowser()[pri:0, instance:com.pathnxt.irctcTest.verifySuccessfulLaunchTest@428640fa]" started-at="2022-12-12T18:05:09 IST" name="Quitbrowser" finished-at="2022-12-12T18:05:10 IST" duration-ms="391" status="PASS">
          <reporter-output>
          </reporter-output>
        </test-method> <!-- Quitbrowser -->
      </class> <!-- com.pathnxt.irctcTest.verifySuccessfulLaunchTest -->
    </test> <!-- Test -->
  </suite> <!-- Suite -->
</testng-results>
